<!DOCTYPE html PUBLIC "-//W3C//DTD XHTML 1.1//EN" "https://www.w3.org/TR/xhtml11/DTD/xhtml11.dtd">
<html xmlns="https://www.w3.org/1999/xhtml">
<head>
<meta http-equiv="content-type" content="text/html; charset=UTF-8"/>
<title>TestNG Report</title>
<style type="text/css">table {margin-bottom:10px;border-collapse:collapse;empty-cells:show}th,td {border:1px solid #009;padding:.25em .5em}th {vertical-align:bottom}td {vertical-align:top}table a {font-weight:bold}.stripe td {background-color: #E6EBF9}.num {text-align:right}.passedodd td {background-color: #3F3}.passedeven td {background-color: #0A0}.skippedodd td {background-color: #DDD}.skippedeven td {background-color: #CCC}.failedodd td,.attn {background-color: #F33}.failedeven td,.stripe .attn {background-color: #D00}.stacktrace {white-space:pre;font-family:monospace}.totop {font-size:85%;text-align:center;border-bottom:2px solid #000}.invisible {display:none}</style>
</head>
<body>
<table>
<tr><th>Test</th><th># Passed</th><th># Skipped</th><th># Retried</th><th># Failed</th><th>Time (ms)</th><th>Included Groups</th><th>Excluded Groups</th></tr>
<tr><th colspan="8">Suite</th></tr>
<tr><td><a href="#t0">SubmitOrder</a></td><td class="num">0</td><td class="num attn">1</td><td class="num">0</td><td class="num attn">2</td><td class="num">34,296</td><td></td><td></td></tr>
<tr class="stripe"><td><a href="#t1">Errorvalidation</a></td><td class="num">2</td><td class="num">0</td><td class="num">0</td><td class="num">0</td><td class="num">29,388</td><td></td><td></td></tr>
<tr><th>Total</th><th class="num">2</th><th class="num attn">1</th><th class="num">0</th><th class="num attn">2</th><th class="num">63,684</th><th colspan="2"></th></tr>
</table>
<table id='summary'><thead><tr><th>Class</th><th>Method</th><th>Start</th><th>Time (ms)</th></tr></thead><tbody><tr><th colspan="4">Suite</th></tr></tbody><tbody id="t0"><tr><th colspan="4">SubmitOrder &#8212; failed</th></tr><tr class="failedeven"><td rowspan="2">test.SubmitOrder</td><td><a href="#m0">submitorder</a></td><td rowspan="2">1749995202582</td><td rowspan="2">7327</td></tr><tr class="failedeven"><td><a href="#m1">submitorder</a></td></tr><tr><th colspan="4">SubmitOrder &#8212; skipped</th></tr><tr class="skippedeven"><td rowspan="1">test.SubmitOrder</td><td><a href="#m2">productsunderorder</a></td><td rowspan="1">1749995210011</td><td rowspan="1">0</td></tr></tbody>
<tbody id="t1"><tr><th colspan="4">Errorvalidation &#8212; passed</th></tr><tr class="passedeven"><td rowspan="2">test.errorvalidation</td><td><a href="#m3">loginerrorvalidation</a></td><td rowspan="1">1749995222664</td><td rowspan="1">1194</td></tr><tr class="passedeven"><td><a href="#m4">productlistvalidation</a></td><td rowspan="1">1749995232325</td><td rowspan="1">6998</td></tr></tbody>
</table>
<h2>SubmitOrder</h2><h3 id="m0">test.SubmitOrder#submitorder</h3><table class="result"><tr class="param"><th>Parameter #1</th></tr><tr class="param stripe"><td>{password=PASSword@22, product=ADIDAS ORIGINAL, email=dd@yopmail.com}</td></tr><tr><th>Exception</th></tr><tr><td><div class="stacktrace">org.openqa.selenium.TimeoutException: Expected condition failed: waiting for visibility of all elements located by By.cssSelector: .mb-3 (tried for 5 second(s) with 500 milliseconds interval)
Build info: version: &apos;4.31.0&apos;, revision: &apos;1ef9f18787*&apos;
System info: os.name: &apos;Mac OS X&apos;, os.arch: &apos;aarch64&apos;, os.version: &apos;15.5&apos;, java.version: &apos;21.0.6&apos;
Driver info: org.openqa.selenium.chrome.ChromeDriver
Capabilities {acceptInsecureCerts: false, browserName: chrome, browserVersion: 137.0.7151.104, chrome: {chromedriverVersion: 137.0.7151.70 (dfa4dc56b2ab..., userDataDir: /var/folders/l7/kryql6ks0q3...}, fedcm:accounts: true, goog:chromeOptions: {debuggerAddress: localhost:51903}, networkConnectionEnabled: false, pageLoadStrategy: normal, platformName: mac, proxy: Proxy(), se:cdp: ws://localhost:51903/devtoo..., se:cdpVersion: 137.0.7151.104, setWindowRect: true, strictFileInteractability: false, timeouts: {implicit: 0, pageLoad: 300000, script: 30000}, unhandledPromptBehavior: dismiss and notify, webauthn:extension:credBlob: true, webauthn:extension:largeBlob: true, webauthn:extension:minPinLength: true, webauthn:extension:prf: true, webauthn:virtualAuthenticators: true}
Session ID: b95905ab7f967c9e0d6074650c0de5d9
	at org.openqa.selenium.support.ui.WebDriverWait.timeoutException(WebDriverWait.java:84)
	at org.openqa.selenium.support.ui.FluentWait.until(FluentWait.java:228)
	at test.Abstractpage.WaitForElementToAppear(Abstractpage.java:43)
	at test.productcatalogue.getprodlist(productcatalogue.java:38)
	at test.productcatalogue.getproductbyName(productcatalogue.java:46)
	at test.productcatalogue.addtoCart(productcatalogue.java:55)
	at test.SubmitOrder.submitorder(SubmitOrder.java:34)
	at java.base/java.util.ArrayList.forEach(ArrayList.java:1596)
... Removed 29 stack frames</div></td></tr></table><p class="totop"><a href="#summary">back to summary</a></p>
<h3 id="m1">test.SubmitOrder#submitorder</h3><table class="result"><tr class="param"><th>Parameter #1</th></tr><tr class="param stripe"><td>{password=Password@22, product=ZARA COAT 3, email=diwahar506@gmail.com}</td></tr><tr><th>Exception</th></tr><tr><td><div class="stacktrace">org.openqa.selenium.NoSuchElementException: no such element: Unable to locate element: {&quot;method&quot;:&quot;css selector&quot;,&quot;selector&quot;:&quot;.actions .action__submit&quot;}
  (Session info: chrome=137.0.7151.104)
For documentation on this error, please visit: https://www.selenium.dev/documentation/webdriver/troubleshooting/errors#no-such-element-exception
Build info: version: &apos;4.31.0&apos;, revision: &apos;1ef9f18787*&apos;
System info: os.name: &apos;Mac OS X&apos;, os.arch: &apos;aarch64&apos;, os.version: &apos;15.5&apos;, java.version: &apos;21.0.6&apos;
Driver info: org.openqa.selenium.chrome.ChromeDriver
Command: [82861e1149bdea733828c24e0b600c01, findElement {value=.actions .action__submit, using=css selector}]
Capabilities {acceptInsecureCerts: false, browserName: chrome, browserVersion: 137.0.7151.104, chrome: {chromedriverVersion: 137.0.7151.70 (dfa4dc56b2ab..., userDataDir: /var/folders/l7/kryql6ks0q3...}, fedcm:accounts: true, goog:chromeOptions: {debuggerAddress: localhost:51877}, networkConnectionEnabled: false, pageLoadStrategy: normal, platformName: mac, proxy: Proxy(), se:cdp: ws://localhost:51877/devtoo..., se:cdpVersion: 137.0.7151.104, setWindowRect: true, strictFileInteractability: false, timeouts: {implicit: 0, pageLoad: 300000, script: 30000}, unhandledPromptBehavior: dismiss and notify, webauthn:extension:credBlob: true, webauthn:extension:largeBlob: true, webauthn:extension:minPinLength: true, webauthn:extension:prf: true, webauthn:virtualAuthenticators: true}
Session ID: 82861e1149bdea733828c24e0b600c01
	at org.openqa.selenium.remote.ErrorCodec.decode(ErrorCodec.java:167)
	at org.openqa.selenium.remote.codec.w3c.W3CHttpResponseCodec.decode(W3CHttpResponseCodec.java:138)
	at org.openqa.selenium.remote.codec.w3c.W3CHttpResponseCodec.decode(W3CHttpResponseCodec.java:50)
	at org.openqa.selenium.remote.HttpCommandExecutor.execute(HttpCommandExecutor.java:215)
	at org.openqa.selenium.remote.service.DriverCommandExecutor.invokeExecute(DriverCommandExecutor.java:216)
	at org.openqa.selenium.remote.service.DriverCommandExecutor.execute(DriverCommandExecutor.java:174)
	at org.openqa.selenium.remote.RemoteWebDriver.execute(RemoteWebDriver.java:545)
	at org.openqa.selenium.remote.ElementLocation$ElementFinder$2.findElement(ElementLocation.java:165)
	at org.openqa.selenium.remote.ElementLocation.findElement(ElementLocation.java:59)
	at org.openqa.selenium.remote.RemoteWebDriver.findElement(RemoteWebDriver.java:368)
	at org.openqa.selenium.remote.RemoteWebDriver.findElement(RemoteWebDriver.java:362)
	at org.openqa.selenium.support.pagefactory.DefaultElementLocator.findElement(DefaultElementLocator.java:68)
	at org.openqa.selenium.support.pagefactory.internal.LocatingElementHandler.invoke(LocatingElementHandler.java:38)
	at jdk.proxy2/jdk.proxy2.$Proxy11.click(Unknown Source)
	at test.checkoutpage.Submitorder(checkoutpage.java:49)
	at test.SubmitOrder.submitorder(SubmitOrder.java:44)
	at java.base/java.util.ArrayList.forEach(ArrayList.java:1596)
... Removed 32 stack frames</div></td></tr></table><p class="totop"><a href="#summary">back to summary</a></p>
<h3 id="m2">test.SubmitOrder#productsunderorder</h3><table class="result"><tr><th>Exception</th></tr><tr><td><div class="stacktrace">java.lang.Throwable: Method test.SubmitOrder.productsunderorder() on instance test.SubmitOrder@13e39c73 depends on not successfully finished methods 
[test.SubmitOrder.submitorder() on instance test.SubmitOrder@13e39c73]
	at java.base/java.util.ArrayList.forEach(ArrayList.java:1596)
... Removed 22 stack frames</div></td></tr></table><p class="totop"><a href="#summary">back to summary</a></p>
<h2>Errorvalidation</h2><h3 id="m3">test.errorvalidation#loginerrorvalidation</h3><table class="result"><tr><th class="invisible"/></tr></table><p class="totop"><a href="#summary">back to summary</a></p>
<h3 id="m4">test.errorvalidation#productlistvalidation</h3><table class="result"><tr><th class="invisible"/></tr></table><p class="totop"><a href="#summary">back to summary</a></p>
</body>
</html>
